# JRE version: OpenJDK Runtime Environment (8.0_242-b01) (build 1.8.0_242-release-1644-b01)
# Java VM: OpenJDK 64-Bit Server VM (25.242-b01 mixed mode windows-amd64 compressed oops)
Heap:
 PSYoungGen      total 368640K, used 326065K [0x00000000d5580000, 0x00000000f1300000, 0x0000000100000000)
  eden space 338944K, 87% used [0x00000000d5580000,0x00000000e772d568,0x00000000ea080000)
  from space 29696K, 99% used [0x00000000ea080000,0x00000000ebd3ef10,0x00000000ebd80000)
  to   space 34816K, 0% used [0x00000000ef100000,0x00000000ef100000,0x00000000f1300000)
 ParOldGen       total 133632K, used 76144K [0x0000000080000000, 0x0000000088280000, 0x00000000d5580000)
  object space 133632K, 56% used [0x0000000080000000,0x0000000084a5c0e0,0x0000000088280000)
 Metaspace       used 89258K, capacity 93376K, committed 93616K, reserved 1130496K
  class space    used 11882K, capacity 12693K, committed 12720K, reserved 1048576K
GC Heap History (10 events):
Event: 35.173 GC heap before
{Heap before GC invocations=15 (full 3):
 PSYoungGen      total 276992K, used 8489K [0x00000000d5580000, 0x00000000e7a00000, 0x0000000100000000)
  eden space 263680K, 0% used [0x00000000d5580000,0x00000000d5580000,0x00000000e5700000)
  from space 13312K, 63% used [0x00000000e6d00000,0x00000000e754a600,0x00000000e7a00000)
  to   space 17920K, 0% used [0x00000000e5700000,0x00000000e5700000,0x00000000e6880000)
 ParOldGen       total 44032K, used 37389K [0x0000000080000000, 0x0000000082b00000, 0x00000000d5580000)
  object space 44032K, 84% used [0x0000000080000000,0x0000000082483760,0x0000000082b00000)
 Metaspace       used 57138K, capacity 59086K, committed 59160K, reserved 1099776K
  class space    used 7843K, capacity 8314K, committed 8368K, reserved 1048576K
Event: 35.499 GC heap after
Heap after GC invocations=15 (full 3):
 PSYoungGen      total 276992K, used 0K [0x00000000d5580000, 0x00000000e7a00000, 0x0000000100000000)
  eden space 263680K, 0% used [0x00000000d5580000,0x00000000d5580000,0x00000000e5700000)
  from space 13312K, 0% used [0x00000000e6d00000,0x00000000e6d00000,0x00000000e7a00000)
  to   space 17920K, 0% used [0x00000000e5700000,0x00000000e5700000,0x00000000e6880000)
 ParOldGen       total 73728K, used 32485K [0x0000000080000000, 0x0000000084800000, 0x00000000d5580000)
  object space 73728K, 44% used [0x0000000080000000,0x0000000081fb9468,0x0000000084800000)
 Metaspace       used 57126K, capacity 59044K, committed 59160K, reserved 1099776K
  class space    used 7839K, capacity 8307K, committed 8368K, reserved 1048576K
}
Event: 48.313 GC heap before
{Heap before GC invocations=16 (full 3):
 PSYoungGen      total 276992K, used 263680K [0x00000000d5580000, 0x00000000e7a00000, 0x0000000100000000)
  eden space 263680K, 100% used [0x00000000d5580000,0x00000000e5700000,0x00000000e5700000)
  from space 13312K, 0% used [0x00000000e6d00000,0x00000000e6d00000,0x00000000e7a00000)
  to   space 17920K, 0% used [0x00000000e5700000,0x00000000e5700000,0x00000000e6880000)
 ParOldGen       total 73728K, used 32485K [0x0000000080000000, 0x0000000084800000, 0x00000000d5580000)
  object space 73728K, 44% used [0x0000000080000000,0x0000000081fb9468,0x0000000084800000)
 Metaspace       used 65650K, capacity 68506K, committed 68656K, reserved 1107968K
  class space    used 9114K, capacity 9688K, committed 9776K, reserved 1048576K
Event: 48.532 GC heap after
Heap after GC invocations=16 (full 3):
 PSYoungGen      total 281600K, used 17908K [0x00000000d5580000, 0x00000000ef080000, 0x0000000100000000)
  eden space 263680K, 0% used [0x00000000d5580000,0x00000000d5580000,0x00000000e5700000)
  from space 17920K, 99% used [0x00000000e5700000,0x00000000e687d280,0x00000000e6880000)
  to   space 31232K, 0% used [0x00000000ed200000,0x00000000ed200000,0x00000000ef080000)
 ParOldGen       total 73728K, used 60879K [0x0000000080000000, 0x0000000084800000, 0x00000000d5580000)
  object space 73728K, 82% used [0x0000000080000000,0x0000000083b73d68,0x0000000084800000)
 Metaspace       used 65650K, capacity 68506K, committed 68656K, reserved 1107968K
  class space    used 9114K, capacity 9688K, committed 9776K, reserved 1048576K
}
Event: 48.532 GC heap before
{Heap before GC invocations=17 (full 4):
 PSYoungGen      total 281600K, used 17908K [0x00000000d5580000, 0x00000000ef080000, 0x0000000100000000)
  eden space 263680K, 0% used [0x00000000d5580000,0x00000000d5580000,0x00000000e5700000)
  from space 17920K, 99% used [0x00000000e5700000,0x00000000e687d280,0x00000000e6880000)
  to   space 31232K, 0% used [0x00000000ed200000,0x00000000ed200000,0x00000000ef080000)
 ParOldGen       total 73728K, used 60879K [0x0000000080000000, 0x0000000084800000, 0x00000000d5580000)
  object space 73728K, 82% used [0x0000000080000000,0x0000000083b73d68,0x0000000084800000)
 Metaspace       used 65650K, capacity 68506K, committed 68656K, reserved 1107968K
  class space    used 9114K, capacity 9688K, committed 9776K, reserved 1048576K
Event: 49.447 GC heap after
Heap after GC invocations=17 (full 4):
 PSYoungGen      total 281600K, used 0K [0x00000000d5580000, 0x00000000ef080000, 0x0000000100000000)
  eden space 263680K, 0% used [0x00000000d5580000,0x00000000d5580000,0x00000000e5700000)
  from space 17920K, 0% used [0x00000000e5700000,0x00000000e5700000,0x00000000e6880000)
  to   space 31232K, 0% used [0x00000000ed200000,0x00000000ed200000,0x00000000ef080000)
 ParOldGen       total 133632K, used 72659K [0x0000000080000000, 0x0000000088280000, 0x00000000d5580000)
  object space 133632K, 54% used [0x0000000080000000,0x00000000846f4eb8,0x0000000088280000)
 Metaspace       used 65590K, capacity 68334K, committed 68656K, reserved 1107968K
  class space    used 9094K, capacity 9654K, committed 9776K, reserved 1048576K
}
Event: 58.361 GC heap before
{Heap before GC invocations=18 (full 4):
 PSYoungGen      total 281600K, used 263680K [0x00000000d5580000, 0x00000000ef080000, 0x0000000100000000)
  eden space 263680K, 100% used [0x00000000d5580000,0x00000000e5700000,0x00000000e5700000)
  from space 17920K, 0% used [0x00000000e5700000,0x00000000e5700000,0x00000000e6880000)
  to   space 31232K, 0% used [0x00000000ed200000,0x00000000ed200000,0x00000000ef080000)
 ParOldGen       total 133632K, used 72659K [0x0000000080000000, 0x0000000088280000, 0x00000000d5580000)
  object space 133632K, 54% used [0x0000000080000000,0x00000000846f4eb8,0x0000000088280000)
 Metaspace       used 68061K, capacity 71242K, committed 71344K, reserved 1110016K
  class space    used 9424K, capacity 10058K, committed 10160K, reserved 1048576K
Event: 58.400 GC heap after
Heap after GC invocations=18 (full 4):
 PSYoungGen      total 332800K, used 8369K [0x00000000d5580000, 0x00000000eda80000, 0x0000000100000000)
  eden space 324096K, 0% used [0x00000000d5580000,0x00000000d5580000,0x00000000e9200000)
  from space 8704K, 96% used [0x00000000ed200000,0x00000000eda2c4c8,0x00000000eda80000)
  to   space 29696K, 0% used [0x00000000ea080000,0x00000000ea080000,0x00000000ebd80000)
 ParOldGen       total 133632K, used 72667K [0x0000000080000000, 0x0000000088280000, 0x00000000d5580000)
  object space 133632K, 54% used [0x0000000080000000,0x00000000846f6eb8,0x0000000088280000)
 Metaspace       used 68061K, capacity 71242K, committed 71344K, reserved 1110016K
  class space    used 9424K, capacity 10058K, committed 10160K, reserved 1048576K
}
Event: 124.325 GC heap before
{Heap before GC invocations=19 (full 4):
 PSYoungGen      total 332800K, used 332460K [0x00000000d5580000, 0x00000000eda80000, 0x0000000100000000)
  eden space 324096K, 99% used [0x00000000d5580000,0x00000000e91febd8,0x00000000e9200000)
  from space 8704K, 96% used [0x00000000ed200000,0x00000000eda2c4c8,0x00000000eda80000)
  to   space 29696K, 0% used [0x00000000ea080000,0x00000000ea080000,0x00000000ebd80000)
 ParOldGen       total 133632K, used 72667K [0x0000000080000000, 0x0000000088280000, 0x00000000d5580000)
  object space 133632K, 54% used [0x0000000080000000,0x00000000846f6eb8,0x0000000088280000)
 Metaspace       used 80010K, capacity 83634K, committed 83760K, reserved 1122304K
  class space    used 10774K, capacity 11510K, committed 11568K, reserved 1048576K
Event: 124.401 GC heap after
Heap after GC invocations=19 (full 4):
 PSYoungGen      total 368640K, used 29435K [0x00000000d5580000, 0x00000000f1300000, 0x0000000100000000)
  eden space 338944K, 0% used [0x00000000d5580000,0x00000000d5580000,0x00000000ea080000)
  from space 29696K, 99% used [0x00000000ea080000,0x00000000ebd3ef10,0x00000000ebd80000)
  to   space 34816K, 0% used [0x00000000ef100000,0x00000000ef100000,0x00000000f1300000)
 ParOldGen       total 133632K, used 76144K [0x0000000080000000, 0x0000000088280000, 0x00000000d5580000)
  object space 133632K, 56% used [0x0000000080000000,0x0000000084a5c0e0,0x0000000088280000)
 Metaspace       used 80010K, capacity 83634K, committed 83760K, reserved 1122304K
  class space    used 10774K, capacity 11510K, committed 11568K, reserved 1048576K
}

