# JRE version: OpenJDK Runtime Environment (8.0_242-b01) (build 1.8.0_242-release-1644-b01)
# Java VM: OpenJDK 64-Bit Server VM (25.242-b01 mixed mode windows-amd64 compressed oops)
Heap:
 PSYoungGen      total 408064K, used 46765K [0x00000000d5580000, 0x00000000f5980000, 0x0000000100000000)
  eden space 376320K, 3% used [0x00000000d5580000,0x00000000d642eda8,0x00000000ec500000)
  from space 31744K, 99% used [0x00000000ec500000,0x00000000ee3fc888,0x00000000ee400000)
  to   space 48640K, 0% used [0x00000000f2a00000,0x00000000f2a00000,0x00000000f5980000)
 ParOldGen       total 99840K, used 76108K [0x0000000080000000, 0x0000000086180000, 0x00000000d5580000)
  object space 99840K, 76% used [0x0000000080000000,0x0000000084a53008,0x0000000086180000)
 Metaspace       used 107070K, capacity 112778K, committed 112816K, reserved 1146880K
  class space    used 13873K, capacity 15002K, committed 15024K, reserved 1048576K
GC Heap History (10 events):
Event: 2408.323 GC heap before
{Heap before GC invocations=19 (full 3):
 PSYoungGen      total 351744K, used 111864K [0x00000000d5580000, 0x00000000f1180000, 0x0000000100000000)
  eden space 327168K, 26% used [0x00000000d5580000,0x00000000daaeb558,0x00000000e9500000)
  from space 24576K, 99% used [0x00000000e9500000,0x00000000eacd2d30,0x00000000ead00000)
  to   space 28672K, 0% used [0x00000000ef580000,0x00000000ef580000,0x00000000f1180000)
 ParOldGen       total 75776K, used 53118K [0x0000000080000000, 0x0000000084a00000, 0x00000000d5580000)
  object space 75776K, 70% used [0x0000000080000000,0x00000000833df808,0x0000000084a00000)
 Metaspace       used 93236K, capacity 98400K, committed 98600K, reserved 1134592K
  class space    used 12416K, capacity 13378K, committed 13488K, reserved 1048576K
Event: 2408.416 GC heap after
Heap after GC invocations=19 (full 3):
 PSYoungGen      total 327168K, used 14676K [0x00000000d5580000, 0x00000000f0400000, 0x0000000100000000)
  eden space 312320K, 0% used [0x00000000d5580000,0x00000000d5580000,0x00000000e8680000)
  from space 14848K, 98% used [0x00000000ef580000,0x00000000f03d5090,0x00000000f0400000)
  to   space 28160K, 0% used [0x00000000ecd00000,0x00000000ecd00000,0x00000000ee880000)
 ParOldGen       total 75776K, used 53126K [0x0000000080000000, 0x0000000084a00000, 0x00000000d5580000)
  object space 75776K, 70% used [0x0000000080000000,0x00000000833e1808,0x0000000084a00000)
 Metaspace       used 93236K, capacity 98400K, committed 98600K, reserved 1134592K
  class space    used 12416K, capacity 13378K, committed 13488K, reserved 1048576K
}
Event: 2408.453 GC heap before
{Heap before GC invocations=20 (full 4):
 PSYoungGen      total 327168K, used 14676K [0x00000000d5580000, 0x00000000f0400000, 0x0000000100000000)
  eden space 312320K, 0% used [0x00000000d5580000,0x00000000d5580000,0x00000000e8680000)
  from space 14848K, 98% used [0x00000000ef580000,0x00000000f03d5090,0x00000000f0400000)
  to   space 28160K, 0% used [0x00000000ecd00000,0x00000000ecd00000,0x00000000ee880000)
 ParOldGen       total 75776K, used 53126K [0x0000000080000000, 0x0000000084a00000, 0x00000000d5580000)
  object space 75776K, 70% used [0x0000000080000000,0x00000000833e1808,0x0000000084a00000)
 Metaspace       used 93236K, capacity 98400K, committed 98600K, reserved 1134592K
  class space    used 12416K, capacity 13378K, committed 13488K, reserved 1048576K
Event: 2409.052 GC heap after
Heap after GC invocations=20 (full 4):
 PSYoungGen      total 327168K, used 0K [0x00000000d5580000, 0x00000000f0400000, 0x0000000100000000)
  eden space 312320K, 0% used [0x00000000d5580000,0x00000000d5580000,0x00000000e8680000)
  from space 14848K, 0% used [0x00000000ef580000,0x00000000ef580000,0x00000000f0400000)
  to   space 28160K, 0% used [0x00000000ecd00000,0x00000000ecd00000,0x00000000ee880000)
 ParOldGen       total 99840K, used 41652K [0x0000000080000000, 0x0000000086180000, 0x00000000d5580000)
  object space 99840K, 41% used [0x0000000080000000,0x00000000828ad160,0x0000000086180000)
 Metaspace       used 92568K, capacity 96856K, committed 98600K, reserved 1134592K
  class space    used 12239K, capacity 13060K, committed 13488K, reserved 1048576K
}
Event: 5495.797 GC heap before
{Heap before GC invocations=21 (full 4):
 PSYoungGen      total 327168K, used 312320K [0x00000000d5580000, 0x00000000f0400000, 0x0000000100000000)
  eden space 312320K, 100% used [0x00000000d5580000,0x00000000e8680000,0x00000000e8680000)
  from space 14848K, 0% used [0x00000000ef580000,0x00000000ef580000,0x00000000f0400000)
  to   space 28160K, 0% used [0x00000000ecd00000,0x00000000ecd00000,0x00000000ee880000)
 ParOldGen       total 99840K, used 41652K [0x0000000080000000, 0x0000000086180000, 0x00000000d5580000)
  object space 99840K, 41% used [0x0000000080000000,0x00000000828ad160,0x0000000086180000)
 Metaspace       used 100621K, capacity 105812K, committed 106416K, reserved 1140736K
  class space    used 13285K, capacity 14323K, committed 14512K, reserved 1048576K
Event: 5497.030 GC heap after
Heap after GC invocations=21 (full 4):
 PSYoungGen      total 374784K, used 23097K [0x00000000d5580000, 0x00000000ef600000, 0x0000000100000000)
  eden space 351232K, 0% used [0x00000000d5580000,0x00000000d5580000,0x00000000eac80000)
  from space 23552K, 98% used [0x00000000ecd00000,0x00000000ee38e520,0x00000000ee400000)
  to   space 18432K, 0% used [0x00000000ee400000,0x00000000ee400000,0x00000000ef600000)
 ParOldGen       total 99840K, used 41660K [0x0000000080000000, 0x0000000086180000, 0x00000000d5580000)
  object space 99840K, 41% used [0x0000000080000000,0x00000000828af160,0x0000000086180000)
 Metaspace       used 100621K, capacity 105812K, committed 106416K, reserved 1140736K
  class space    used 13285K, capacity 14323K, committed 14512K, reserved 1048576K
}
Event: 7975.727 GC heap before
{Heap before GC invocations=22 (full 4):
 PSYoungGen      total 374784K, used 374329K [0x00000000d5580000, 0x00000000ef600000, 0x0000000100000000)
  eden space 351232K, 100% used [0x00000000d5580000,0x00000000eac80000,0x00000000eac80000)
  from space 23552K, 98% used [0x00000000ecd00000,0x00000000ee38e520,0x00000000ee400000)
  to   space 18432K, 0% used [0x00000000ee400000,0x00000000ee400000,0x00000000ef600000)
 ParOldGen       total 99840K, used 41660K [0x0000000080000000, 0x0000000086180000, 0x00000000d5580000)
  object space 99840K, 41% used [0x0000000080000000,0x00000000828af160,0x0000000086180000)
 Metaspace       used 104534K, capacity 110060K, committed 110384K, reserved 1144832K
  class space    used 13668K, capacity 14795K, committed 14896K, reserved 1048576K
Event: 7976.690 GC heap after
Heap after GC invocations=22 (full 4):
 PSYoungGen      total 394752K, used 18430K [0x00000000d5580000, 0x00000000f0d80000, 0x0000000100000000)
  eden space 376320K, 0% used [0x00000000d5580000,0x00000000d5580000,0x00000000ec500000)
  from space 18432K, 99% used [0x00000000ee400000,0x00000000ef5ffad8,0x00000000ef600000)
  to   space 31744K, 0% used [0x00000000ec500000,0x00000000ec500000,0x00000000ee400000)
 ParOldGen       total 99840K, used 43893K [0x0000000080000000, 0x0000000086180000, 0x00000000d5580000)
  object space 99840K, 43% used [0x0000000080000000,0x0000000082add7b8,0x0000000086180000)
 Metaspace       used 104534K, capacity 110060K, committed 110384K, reserved 1144832K
  class space    used 13668K, capacity 14795K, committed 14896K, reserved 1048576K
}
Event: 8007.067 GC heap before
{Heap before GC invocations=23 (full 4):
 PSYoungGen      total 394752K, used 394750K [0x00000000d5580000, 0x00000000f0d80000, 0x0000000100000000)
  eden space 376320K, 100% used [0x00000000d5580000,0x00000000ec500000,0x00000000ec500000)
  from space 18432K, 99% used [0x00000000ee400000,0x00000000ef5ffad8,0x00000000ef600000)
  to   space 31744K, 0% used [0x00000000ec500000,0x00000000ec500000,0x00000000ee400000)
 ParOldGen       total 99840K, used 43893K [0x0000000080000000, 0x0000000086180000, 0x00000000d5580000)
  object space 99840K, 43% used [0x0000000080000000,0x0000000082add7b8,0x0000000086180000)
 Metaspace       used 107060K, capacity 112778K, committed 112816K, reserved 1146880K
  class space    used 13873K, capacity 15002K, committed 15024K, reserved 1048576K
Event: 8007.643 GC heap after
Heap after GC invocations=23 (full 4):
 PSYoungGen      total 408064K, used 31730K [0x00000000d5580000, 0x00000000f5980000, 0x0000000100000000)
  eden space 376320K, 0% used [0x00000000d5580000,0x00000000d5580000,0x00000000ec500000)
  from space 31744K, 99% used [0x00000000ec500000,0x00000000ee3fc888,0x00000000ee400000)
  to   space 48640K, 0% used [0x00000000f2a00000,0x00000000f2a00000,0x00000000f5980000)
 ParOldGen       total 99840K, used 76108K [0x0000000080000000, 0x0000000086180000, 0x00000000d5580000)
  object space 99840K, 76% used [0x0000000080000000,0x0000000084a53008,0x0000000086180000)
 Metaspace       used 107060K, capacity 112778K, committed 112816K, reserved 1146880K
  class space    used 13873K, capacity 15002K, committed 15024K, reserved 1048576K
}

