# JRE version: OpenJDK Runtime Environment (8.0_242-b01) (build 1.8.0_242-release-1644-b01)
# Java VM: OpenJDK 64-Bit Server VM (25.242-b01 mixed mode windows-amd64 compressed oops)
Heap:
 PSYoungGen      total 128000K, used 104453K [0x00000000d5580000, 0x00000000dfe80000, 0x0000000100000000)
  eden space 97792K, 75% used [0x00000000d5580000,0x00000000d9e031f8,0x00000000db500000)
  from space 30208K, 99% used [0x00000000de100000,0x00000000dfe7e518,0x00000000dfe80000)
  to   space 24576K, 0% used [0x00000000db500000,0x00000000db500000,0x00000000dcd00000)
 ParOldGen       total 137728K, used 64620K [0x0000000080000000, 0x0000000088680000, 0x00000000d5580000)
  object space 137728K, 46% used [0x0000000080000000,0x0000000083f1b240,0x0000000088680000)
 Metaspace       used 103780K, capacity 108860K, committed 109104K, reserved 1144832K
  class space    used 13564K, capacity 14573K, committed 14640K, reserved 1048576K
GC Heap History (10 events):
Event: 1368.954 GC heap before
{Heap before GC invocations=32 (full 4):
 PSYoungGen      total 95744K, used 91136K [0x00000000d5580000, 0x00000000dde80000, 0x0000000100000000)
  eden space 91136K, 100% used [0x00000000d5580000,0x00000000dae80000,0x00000000dae80000)
  from space 4608K, 0% used [0x00000000db180000,0x00000000db180000,0x00000000db600000)
  to   space 24576K, 0% used [0x00000000dc680000,0x00000000dc680000,0x00000000dde80000)
 ParOldGen       total 137728K, used 55624K [0x0000000080000000, 0x0000000088680000, 0x00000000d5580000)
  object space 137728K, 40% used [0x0000000080000000,0x0000000083652038,0x0000000088680000)
 Metaspace       used 88332K, capacity 92010K, committed 92720K, reserved 1130496K
  class space    used 11442K, capacity 12202K, committed 12336K, reserved 1048576K
Event: 1368.958 GC heap after
Heap after GC invocations=32 (full 4):
 PSYoungGen      total 115712K, used 672K [0x00000000d5580000, 0x00000000de680000, 0x0000000100000000)
  eden space 91136K, 0% used [0x00000000d5580000,0x00000000d5580000,0x00000000dae80000)
  from space 24576K, 2% used [0x00000000dc680000,0x00000000dc728000,0x00000000dde80000)
  to   space 24576K, 0% used [0x00000000dae80000,0x00000000dae80000,0x00000000dc680000)
 ParOldGen       total 137728K, used 55624K [0x0000000080000000, 0x0000000088680000, 0x00000000d5580000)
  object space 137728K, 40% used [0x0000000080000000,0x0000000083652038,0x0000000088680000)
 Metaspace       used 88332K, capacity 92010K, committed 92720K, reserved 1130496K
  class space    used 11442K, capacity 12202K, committed 12336K, reserved 1048576K
}
Event: 1374.936 GC heap before
{Heap before GC invocations=33 (full 4):
 PSYoungGen      total 115712K, used 91808K [0x00000000d5580000, 0x00000000de680000, 0x0000000100000000)
  eden space 91136K, 100% used [0x00000000d5580000,0x00000000dae80000,0x00000000dae80000)
  from space 24576K, 2% used [0x00000000dc680000,0x00000000dc728000,0x00000000dde80000)
  to   space 24576K, 0% used [0x00000000dae80000,0x00000000dae80000,0x00000000dc680000)
 ParOldGen       total 137728K, used 55624K [0x0000000080000000, 0x0000000088680000, 0x00000000d5580000)
  object space 137728K, 40% used [0x0000000080000000,0x0000000083652038,0x0000000088680000)
 Metaspace       used 93677K, capacity 97654K, committed 98096K, reserved 1134592K
  class space    used 12127K, capacity 12990K, committed 13104K, reserved 1048576K
Event: 1374.957 GC heap after
Heap after GC invocations=33 (full 4):
 PSYoungGen      total 115712K, used 7856K [0x00000000d5580000, 0x00000000de380000, 0x0000000100000000)
  eden space 91136K, 0% used [0x00000000d5580000,0x00000000d5580000,0x00000000dae80000)
  from space 24576K, 31% used [0x00000000dae80000,0x00000000db62c090,0x00000000dc680000)
  to   space 23040K, 0% used [0x00000000dcd00000,0x00000000dcd00000,0x00000000de380000)
 ParOldGen       total 137728K, used 55632K [0x0000000080000000, 0x0000000088680000, 0x00000000d5580000)
  object space 137728K, 40% used [0x0000000080000000,0x0000000083654038,0x0000000088680000)
 Metaspace       used 93677K, capacity 97654K, committed 98096K, reserved 1134592K
  class space    used 12127K, capacity 12990K, committed 13104K, reserved 1048576K
}
Event: 1377.835 GC heap before
{Heap before GC invocations=34 (full 4):
 PSYoungGen      total 115712K, used 98992K [0x00000000d5580000, 0x00000000de380000, 0x0000000100000000)
  eden space 91136K, 100% used [0x00000000d5580000,0x00000000dae80000,0x00000000dae80000)
  from space 24576K, 31% used [0x00000000dae80000,0x00000000db62c090,0x00000000dc680000)
  to   space 23040K, 0% used [0x00000000dcd00000,0x00000000dcd00000,0x00000000de380000)
 ParOldGen       total 137728K, used 55632K [0x0000000080000000, 0x0000000088680000, 0x00000000d5580000)
  object space 137728K, 40% used [0x0000000080000000,0x0000000083654038,0x0000000088680000)
 Metaspace       used 101665K, capacity 106534K, committed 106800K, reserved 1142784K
  class space    used 13275K, capacity 14286K, committed 14384K, reserved 1048576K
Event: 1377.865 GC heap after
Heap after GC invocations=34 (full 4):
 PSYoungGen      total 120832K, used 16239K [0x00000000d5580000, 0x00000000de880000, 0x0000000100000000)
  eden space 97792K, 0% used [0x00000000d5580000,0x00000000d5580000,0x00000000db500000)
  from space 23040K, 70% used [0x00000000dcd00000,0x00000000ddcdbe60,0x00000000de380000)
  to   space 24576K, 0% used [0x00000000db500000,0x00000000db500000,0x00000000dcd00000)
 ParOldGen       total 137728K, used 55640K [0x0000000080000000, 0x0000000088680000, 0x00000000d5580000)
  object space 137728K, 40% used [0x0000000080000000,0x0000000083656038,0x0000000088680000)
 Metaspace       used 101665K, capacity 106534K, committed 106800K, reserved 1142784K
  class space    used 13275K, capacity 14286K, committed 14384K, reserved 1048576K
}
Event: 1381.022 GC heap before
{Heap before GC invocations=35 (full 4):
 PSYoungGen      total 120832K, used 114031K [0x00000000d5580000, 0x00000000de880000, 0x0000000100000000)
  eden space 97792K, 100% used [0x00000000d5580000,0x00000000db500000,0x00000000db500000)
  from space 23040K, 70% used [0x00000000dcd00000,0x00000000ddcdbe60,0x00000000de380000)
  to   space 24576K, 0% used [0x00000000db500000,0x00000000db500000,0x00000000dcd00000)
 ParOldGen       total 137728K, used 55640K [0x0000000080000000, 0x0000000088680000, 0x00000000d5580000)
  object space 137728K, 40% used [0x0000000080000000,0x0000000083656038,0x0000000088680000)
 Metaspace       used 103461K, capacity 108562K, committed 108848K, reserved 1142784K
  class space    used 13554K, capacity 14566K, committed 14640K, reserved 1048576K
Event: 1381.088 GC heap after
Heap after GC invocations=35 (full 4):
 PSYoungGen      total 122368K, used 24560K [0x00000000d5580000, 0x00000000dfe80000, 0x0000000100000000)
  eden space 97792K, 0% used [0x00000000d5580000,0x00000000d5580000,0x00000000db500000)
  from space 24576K, 99% used [0x00000000db500000,0x00000000dccfc048,0x00000000dcd00000)
  to   space 30208K, 0% used [0x00000000de100000,0x00000000de100000,0x00000000dfe80000)
 ParOldGen       total 137728K, used 59766K [0x0000000080000000, 0x0000000088680000, 0x00000000d5580000)
  object space 137728K, 43% used [0x0000000080000000,0x0000000083a5db90,0x0000000088680000)
 Metaspace       used 103461K, capacity 108562K, committed 108848K, reserved 1142784K
  class space    used 13554K, capacity 14566K, committed 14640K, reserved 1048576K
}
Event: 1382.362 GC heap before
{Heap before GC invocations=36 (full 4):
 PSYoungGen      total 122368K, used 122352K [0x00000000d5580000, 0x00000000dfe80000, 0x0000000100000000)
  eden space 97792K, 100% used [0x00000000d5580000,0x00000000db500000,0x00000000db500000)
  from space 24576K, 99% used [0x00000000db500000,0x00000000dccfc048,0x00000000dcd00000)
  to   space 30208K, 0% used [0x00000000de100000,0x00000000de100000,0x00000000dfe80000)
 ParOldGen       total 137728K, used 59766K [0x0000000080000000, 0x0000000088680000, 0x00000000d5580000)
  object space 137728K, 43% used [0x0000000080000000,0x0000000083a5db90,0x0000000088680000)
 Metaspace       used 103707K, capacity 108770K, committed 108848K, reserved 1142784K
  class space    used 13555K, capacity 14566K, committed 14640K, reserved 1048576K
Event: 1382.435 GC heap after
Heap after GC invocations=36 (full 4):
 PSYoungGen      total 128000K, used 30201K [0x00000000d5580000, 0x00000000dfe80000, 0x0000000100000000)
  eden space 97792K, 0% used [0x00000000d5580000,0x00000000d5580000,0x00000000db500000)
  from space 30208K, 99% used [0x00000000de100000,0x00000000dfe7e518,0x00000000dfe80000)
  to   space 24576K, 0% used [0x00000000db500000,0x00000000db500000,0x00000000dcd00000)
 ParOldGen       total 137728K, used 64620K [0x0000000080000000, 0x0000000088680000, 0x00000000d5580000)
  object space 137728K, 46% used [0x0000000080000000,0x0000000083f1b240,0x0000000088680000)
 Metaspace       used 103707K, capacity 108770K, committed 108848K, reserved 1142784K
  class space    used 13555K, capacity 14566K, committed 14640K, reserved 1048576K
}

